# JRE version: OpenJDK Runtime Environment (8.0_202) (build 1.8.0_202-release-1483-b49-5587405)
# Java VM: OpenJDK 64-Bit Server VM (25.202-b49-5587405 mixed mode linux-amd64 compressed oops)
Heap:
 PSYoungGen      total 113664K, used 73342K [0x00000000e0000000, 0x00000000e8980000, 0x0000000100000000)
  eden space 104960K, 61% used [0x00000000e0000000,0x00000000e3f5c6d8,0x00000000e6680000)
  from space 8704K, 97% used [0x00000000e7280000,0x00000000e7ac33e8,0x00000000e7b00000)
  to   space 14848K, 0% used [0x00000000e7b00000,0x00000000e7b00000,0x00000000e8980000)
 ParOldGen       total 827904K, used 777366K [0x00000000a0000000, 0x00000000d2880000, 0x00000000e0000000)
  object space 827904K, 93% used [0x00000000a0000000,0x00000000cf725ab8,0x00000000d2880000)
 Metaspace       used 77485K, capacity 80640K, committed 80856K, reserved 1120256K
  class space    used 10043K, capacity 10702K, committed 10712K, reserved 1048576K
GC Heap History (10 events):
Event: 39.564 GC heap before
{Heap before GC invocations=20 (full 3):
 PSYoungGen      total 110592K, used 98304K [0x00000000e0000000, 0x00000000e7780000, 0x0000000100000000)
  eden space 98304K, 100% used [0x00000000e0000000,0x00000000e6000000,0x00000000e6000000)
  from space 12288K, 0% used [0x00000000e6b80000,0x00000000e6b80000,0x00000000e7780000)
  to   space 11776K, 0% used [0x00000000e6000000,0x00000000e6000000,0x00000000e6b80000)
 ParOldGen       total 98816K, used 30300K [0x00000000a0000000, 0x00000000a6080000, 0x00000000e0000000)
  object space 98816K, 30% used [0x00000000a0000000,0x00000000a1d97140,0x00000000a6080000)
 Metaspace       used 62299K, capacity 64300K, committed 64472K, reserved 1105920K
  class space    used 8472K, capacity 8904K, committed 8920K, reserved 1048576K
Event: 39.573 GC heap after
Heap after GC invocations=20 (full 3):
 PSYoungGen      total 110080K, used 7861K [0x00000000e0000000, 0x00000000e8600000, 0x0000000100000000)
  eden space 98304K, 0% used [0x00000000e0000000,0x00000000e0000000,0x00000000e6000000)
  from space 11776K, 66% used [0x00000000e6000000,0x00000000e67ad6a8,0x00000000e6b80000)
  to   space 11776K, 0% used [0x00000000e7a80000,0x00000000e7a80000,0x00000000e8600000)
 ParOldGen       total 98816K, used 30308K [0x00000000a0000000, 0x00000000a6080000, 0x00000000e0000000)
  object space 98816K, 30% used [0x00000000a0000000,0x00000000a1d99140,0x00000000a6080000)
 Metaspace       used 62299K, capacity 64300K, committed 64472K, reserved 1105920K
  class space    used 8472K, capacity 8904K, committed 8920K, reserved 1048576K
}
Event: 50.566 GC heap before
{Heap before GC invocations=21 (full 3):
 PSYoungGen      total 110080K, used 106165K [0x00000000e0000000, 0x00000000e8600000, 0x0000000100000000)
  eden space 98304K, 100% used [0x00000000e0000000,0x00000000e6000000,0x00000000e6000000)
  from space 11776K, 66% used [0x00000000e6000000,0x00000000e67ad6a8,0x00000000e6b80000)
  to   space 11776K, 0% used [0x00000000e7a80000,0x00000000e7a80000,0x00000000e8600000)
 ParOldGen       total 98816K, used 30308K [0x00000000a0000000, 0x00000000a6080000, 0x00000000e0000000)
  object space 98816K, 30% used [0x00000000a0000000,0x00000000a1d99140,0x00000000a6080000)
 Metaspace       used 66685K, capacity 69060K, committed 69208K, reserved 1110016K
  class space    used 8991K, capacity 9513K, committed 9560K, reserved 1048576K
Event: 50.597 GC heap after
Heap after GC invocations=21 (full 3):
 PSYoungGen      total 123392K, used 11775K [0x00000000e0000000, 0x00000000e8880000, 0x0000000100000000)
  eden space 111616K, 0% used [0x00000000e0000000,0x00000000e0000000,0x00000000e6d00000)
  from space 11776K, 99% used [0x00000000e7a80000,0x00000000e85ffcd8,0x00000000e8600000)
  to   space 13824K, 0% used [0x00000000e6d00000,0x00000000e6d00000,0x00000000e7a80000)
 ParOldGen       total 98816K, used 32293K [0x00000000a0000000, 0x00000000a6080000, 0x00000000e0000000)
  object space 98816K, 32% used [0x00000000a0000000,0x00000000a1f897f0,0x00000000a6080000)
 Metaspace       used 66685K, capacity 69060K, committed 69208K, reserved 1110016K
  class space    used 8991K, capacity 9513K, committed 9560K, reserved 1048576K
}
Event: 79.531 GC heap before
{Heap before GC invocations=22 (full 3):
 PSYoungGen      total 123392K, used 123391K [0x00000000e0000000, 0x00000000e8880000, 0x0000000100000000)
  eden space 111616K, 100% used [0x00000000e0000000,0x00000000e6d00000,0x00000000e6d00000)
  from space 11776K, 99% used [0x00000000e7a80000,0x00000000e85ffcd8,0x00000000e8600000)
  to   space 13824K, 0% used [0x00000000e6d00000,0x00000000e6d00000,0x00000000e7a80000)
 ParOldGen       total 98816K, used 32293K [0x00000000a0000000, 0x00000000a6080000, 0x00000000e0000000)
  object space 98816K, 32% used [0x00000000a0000000,0x00000000a1f897f0,0x00000000a6080000)
 Metaspace       used 71557K, capacity 74376K, committed 74456K, reserved 1114112K
  class space    used 9569K, capacity 10157K, committed 10200K, reserved 1048576K
Event: 79.550 GC heap after
Heap after GC invocations=22 (full 3):
 PSYoungGen      total 125440K, used 13784K [0x00000000e0000000, 0x00000000e9780000, 0x0000000100000000)
  eden space 111616K, 0% used [0x00000000e0000000,0x00000000e0000000,0x00000000e6d00000)
  from space 13824K, 99% used [0x00000000e6d00000,0x00000000e7a76300,0x00000000e7a80000)
  to   space 15360K, 0% used [0x00000000e8880000,0x00000000e8880000,0x00000000e9780000)
 ParOldGen       total 98816K, used 36282K [0x00000000a0000000, 0x00000000a6080000, 0x00000000e0000000)
  object space 98816K, 36% used [0x00000000a0000000,0x00000000a236e860,0x00000000a6080000)
 Metaspace       used 71557K, capacity 74376K, committed 74456K, reserved 1114112K
  class space    used 9569K, capacity 10157K, committed 10200K, reserved 1048576K
}
Event: 1721.464 GC heap before
{Heap before GC invocations=23 (full 3):
 PSYoungGen      total 125440K, used 125400K [0x00000000e0000000, 0x00000000e9780000, 0x0000000100000000)
  eden space 111616K, 100% used [0x00000000e0000000,0x00000000e6d00000,0x00000000e6d00000)
  from space 13824K, 99% used [0x00000000e6d00000,0x00000000e7a76300,0x00000000e7a80000)
  to   space 15360K, 0% used [0x00000000e8880000,0x00000000e8880000,0x00000000e9780000)
 ParOldGen       total 98816K, used 36282K [0x00000000a0000000, 0x00000000a6080000, 0x00000000e0000000)
  object space 98816K, 36% used [0x00000000a0000000,0x00000000a236e860,0x00000000a6080000)
 Metaspace       used 77194K, capacity 80354K, committed 80600K, reserved 1120256K
  class space    used 10031K, capacity 10697K, committed 10712K, reserved 1048576K
Event: 1721.564 GC heap after
Heap after GC invocations=23 (full 3):
 PSYoungGen      total 123392K, used 15343K [0x00000000e0000000, 0x00000000e9780000, 0x0000000100000000)
  eden space 108032K, 0% used [0x00000000e0000000,0x00000000e0000000,0x00000000e6980000)
  from space 15360K, 99% used [0x00000000e8880000,0x00000000e977bff0,0x00000000e9780000)
  to   space 18944K, 0% used [0x00000000e7280000,0x00000000e7280000,0x00000000e8500000)
 ParOldGen       total 98816K, used 40337K [0x00000000a0000000, 0x00000000a6080000, 0x00000000e0000000)
  object space 98816K, 40% used [0x00000000a0000000,0x00000000a2764470,0x00000000a6080000)
 Metaspace       used 77194K, capacity 80354K, committed 80600K, reserved 1120256K
  class space    used 10031K, capacity 10697K, committed 10712K, reserved 1048576K
}
Event: 1756.879 GC heap before
{Heap before GC invocations=24 (full 3):
 PSYoungGen      total 123392K, used 122851K [0x00000000e0000000, 0x00000000e9780000, 0x0000000100000000)
  eden space 108032K, 99% used [0x00000000e0000000,0x00000000e68fcea0,0x00000000e6980000)
  from space 15360K, 99% used [0x00000000e8880000,0x00000000e977bff0,0x00000000e9780000)
  to   space 18944K, 0% used [0x00000000e7280000,0x00000000e7280000,0x00000000e8500000)
 ParOldGen       total 761856K, used 701546K [0x00000000a0000000, 0x00000000ce800000, 0x00000000e0000000)
  object space 761856K, 92% used [0x00000000a0000000,0x00000000cad1a830,0x00000000ce800000)
 Metaspace       used 77485K, capacity 80640K, committed 80856K, reserved 1120256K
  class space    used 10043K, capacity 10702K, committed 10712K, reserved 1048576K
Event: 1757.006 GC heap after
Heap after GC invocations=24 (full 3):
 PSYoungGen      total 113664K, used 8460K [0x00000000e0000000, 0x00000000e8980000, 0x0000000100000000)
  eden space 104960K, 0% used [0x00000000e0000000,0x00000000e0000000,0x00000000e6680000)
  from space 8704K, 97% used [0x00000000e7280000,0x00000000e7ac33e8,0x00000000e7b00000)
  to   space 14848K, 0% used [0x00000000e7b00000,0x00000000e7b00000,0x00000000e8980000)
 ParOldGen       total 761856K, used 711830K [0x00000000a0000000, 0x00000000ce800000, 0x00000000e0000000)
  object space 761856K, 93% used [0x00000000a0000000,0x00000000cb725aa8,0x00000000ce800000)
 Metaspace       used 77485K, capacity 80640K, committed 80856K, reserved 1120256K
  class space    used 10043K, capacity 10702K, committed 10712K, reserved 1048576K
}

